c:\users\ander\google drive\pbl\code\main\enterthemungeons\enterthemungeons\debug\vc141.pdb
c:\users\ander\google drive\pbl\code\main\enterthemungeons\enterthemungeons\debug\vc141.idb
c:\users\ander\google drive\pbl\code\main\enterthemungeons\enterthemungeons\debug\collisions.obj
c:\users\ander\google drive\pbl\code\main\enterthemungeons\enterthemungeons\debug\doors.obj
c:\users\ander\google drive\pbl\code\main\enterthemungeons\enterthemungeons\debug\enemy.obj
c:\users\ander\google drive\pbl\code\main\enterthemungeons\enterthemungeons\debug\finalboss.obj
c:\users\ander\google drive\pbl\code\main\enterthemungeons\enterthemungeons\debug\fpscounter.obj
c:\users\ander\google drive\pbl\code\main\enterthemungeons\enterthemungeons\debug\gameover.obj
c:\users\ander\google drive\pbl\code\main\enterthemungeons\enterthemungeons\debug\initrect.obj
c:\users\ander\google drive\pbl\code\main\enterthemungeons\enterthemungeons\debug\initstruct.obj
c:\users\ander\google drive\pbl\code\main\enterthemungeons\enterthemungeons\debug\initsurfandtex.obj
c:\users\ander\google drive\pbl\code\main\enterthemungeons\enterthemungeons\debug\levelmanager.obj
c:\users\ander\google drive\pbl\code\main\enterthemungeons\enterthemungeons\debug\life.obj
c:\users\ander\google drive\pbl\code\main\enterthemungeons\enterthemungeons\debug\main.obj
c:\users\ander\google drive\pbl\code\main\enterthemungeons\enterthemungeons\debug\menu.obj
c:\users\ander\google drive\pbl\code\main\enterthemungeons\enterthemungeons\debug\movement.obj
c:\users\ander\google drive\pbl\code\main\enterthemungeons\enterthemungeons\debug\playershooting.obj
c:\users\ander\google drive\pbl\code\main\enterthemungeons\enterthemungeons\debug\restart.obj
c:\users\ander\google drive\pbl\code\main\enterthemungeons\enterthemungeons\debug\score.obj
c:\users\ander\google drive\pbl\code\main\enterthemungeons\enterthemungeons\debug\soinua.obj
c:\users\ander\google drive\pbl\code\main\enterthemungeons\enterthemungeons\debug\weapon.obj
c:\users\ander\google drive\pbl\code\main\enterthemungeons\enterthemungeons\debug\youwin.obj
c:\users\ander\google drive\pbl\code\main\enterthemungeons\enterthemungeons\debug\animations.obj
c:\users\ander\google drive\pbl\code\main\enterthemungeons\enterthemungeons\debug\bossarbol.obj
c:\users\ander\google drive\pbl\code\main\enterthemungeons\enterthemungeons\debug\bossesqueleto.obj
c:\users\ander\google drive\pbl\code\main\enterthemungeons\enterthemungeons\debug\bosshielo.obj
c:\users\ander\google drive\pbl\code\main\enterthemungeons\enterthemungeons\debug\bosslava.obj
c:\users\ander\google drive\pbl\code\main\enterthemungeons\enterthemungeons\debug\bossarbol-desktop-msjhu26.obj
c:\users\ander\google drive\pbl\code\main\enterthemungeons\enterthemungeons\debug\bossesqueleto-desktop-msjhu26.obj
c:\users\ander\google drive\pbl\code\main\enterthemungeons\enterthemungeons\debug\bosshielo-desktop-msjhu26.obj
c:\users\ander\google drive\pbl\code\main\enterthemungeons\enterthemungeons\debug\bosslava-desktop-msjhu26.obj
c:\users\ander\google drive\pbl\code\main\enterthemungeons\enterthemungeons\debug\collisions-desktop-msjhu26.obj
c:\users\ander\google drive\pbl\code\main\enterthemungeons\enterthemungeons\debug\doors-desktop-msjhu26.obj
c:\users\ander\google drive\pbl\code\main\enterthemungeons\enterthemungeons\debug\enemy-desktop-msjhu26.obj
c:\users\ander\google drive\pbl\code\main\enterthemungeons\enterthemungeons\debug\finalboss-desktop-msjhu26.obj
c:\users\ander\google drive\pbl\code\main\enterthemungeons\enterthemungeons\debug\fpscounter-desktop-msjhu26.obj
c:\users\ander\google drive\pbl\code\main\enterthemungeons\enterthemungeons\debug\gameover-desktop-msjhu26.obj
c:\users\ander\google drive\pbl\code\main\enterthemungeons\enterthemungeons\debug\initrect-desktop-msjhu26.obj
c:\users\ander\google drive\pbl\code\main\enterthemungeons\enterthemungeons\debug\initstruct-desktop-msjhu26.obj
c:\users\ander\google drive\pbl\code\main\enterthemungeons\enterthemungeons\debug\initsurfandtex-desktop-msjhu26.obj
c:\users\ander\google drive\pbl\code\main\enterthemungeons\enterthemungeons\debug\levelmanager-desktop-msjhu26.obj
c:\users\ander\google drive\pbl\code\main\enterthemungeons\enterthemungeons\debug\life-desktop-msjhu26.obj
c:\users\ander\google drive\pbl\code\main\enterthemungeons\enterthemungeons\debug\main-desktop-msjhu26.obj
c:\users\ander\google drive\pbl\code\main\enterthemungeons\enterthemungeons\debug\menu-desktop-msjhu26.obj
c:\users\ander\google drive\pbl\code\main\enterthemungeons\enterthemungeons\debug\movement-desktop-msjhu26.obj
c:\users\ander\google drive\pbl\code\main\enterthemungeons\enterthemungeons\debug\playershooting-desktop-msjhu26.obj
c:\users\ander\google drive\pbl\code\main\enterthemungeons\enterthemungeons\debug\restart-desktop-msjhu26.obj
c:\users\ander\google drive\pbl\code\main\enterthemungeons\enterthemungeons\debug\score-desktop-msjhu26.obj
c:\users\ander\google drive\pbl\code\main\enterthemungeons\enterthemungeons\debug\soinua-desktop-msjhu26.obj
c:\users\ander\google drive\pbl\code\main\enterthemungeons\enterthemungeons\debug\weapon-desktop-msjhu26.obj
c:\users\ander\google drive\pbl\code\main\enterthemungeons\enterthemungeons\debug\youwin-desktop-msjhu26.obj
c:\users\ander\google drive\pbl\code\main\enterthemungeons\enterthemungeons\debug\vc141-desktop-msjhu26.idb
c:\users\ander\google drive\pbl\code\main\enterthemungeons\enterthemungeons\debug\vc141-desktop-msjhu26.pdb
c:\users\ander\google drive\pbl\code\main\enterthemungeons\debug\enterthemungeons.pdb
c:\users\ander\google drive\pbl\code\main\enterthemungeons\enterthemungeons\debug\enterthemungeons.tlog\cl.command.1-desktop-msjhu26.tlog
c:\users\ander\google drive\pbl\code\main\enterthemungeons\enterthemungeons\debug\enterthemungeons.tlog\cl.command.1.tlog
c:\users\ander\google drive\pbl\code\main\enterthemungeons\enterthemungeons\debug\enterthemungeons.tlog\cl.read.1-desktop-msjhu26.tlog
c:\users\ander\google drive\pbl\code\main\enterthemungeons\enterthemungeons\debug\enterthemungeons.tlog\cl.write.1-desktop-msjhu26.tlog
c:\users\ander\google drive\pbl\code\main\enterthemungeons\enterthemungeons\debug\enterthemungeons.tlog\link-cvtres.read.1.tlog
c:\users\ander\google drive\pbl\code\main\enterthemungeons\enterthemungeons\debug\enterthemungeons.tlog\link-cvtres.write.1.tlog
c:\users\ander\google drive\pbl\code\main\enterthemungeons\enterthemungeons\debug\enterthemungeons.tlog\link-rc.read.1.tlog
c:\users\ander\google drive\pbl\code\main\enterthemungeons\enterthemungeons\debug\enterthemungeons.tlog\link-rc.write.1.tlog
c:\users\ander\google drive\pbl\code\main\enterthemungeons\enterthemungeons\debug\enterthemungeons.tlog\link.command.1-desktop-msjhu26.tlog
c:\users\ander\google drive\pbl\code\main\enterthemungeons\enterthemungeons\debug\enterthemungeons.tlog\link.command.1.tlog
c:\users\ander\google drive\pbl\code\main\enterthemungeons\enterthemungeons\debug\enterthemungeons.tlog\link.read.1-desktop-msjhu26.tlog
c:\users\ander\google drive\pbl\code\main\enterthemungeons\enterthemungeons\debug\enterthemungeons.tlog\link.read.1.tlog
c:\users\ander\google drive\pbl\code\main\enterthemungeons\enterthemungeons\debug\enterthemungeons.tlog\link.write.1-desktop-msjhu26.tlog
c:\users\ander\google drive\pbl\code\main\enterthemungeons\enterthemungeons\debug\enterthemungeons.tlog\link.write.1.tlog
