c:\users\usuario\desktop\prog1\prog1\pbl\main\enterthemungeons\enterthemungeons\release\vc141.pdb
c:\users\usuario\desktop\prog1\prog1\pbl\main\enterthemungeons\enterthemungeons\release\playershooting.obj
c:\users\usuario\desktop\prog1\prog1\pbl\main\enterthemungeons\enterthemungeons\release\movement.obj
c:\users\usuario\desktop\prog1\prog1\pbl\main\enterthemungeons\enterthemungeons\release\menu.obj
c:\users\usuario\desktop\prog1\prog1\pbl\main\enterthemungeons\enterthemungeons\release\main.obj
c:\users\usuario\desktop\prog1\prog1\pbl\main\enterthemungeons\enterthemungeons\release\life.obj
c:\users\usuario\desktop\prog1\prog1\pbl\main\enterthemungeons\enterthemungeons\release\levelmanager.obj
c:\users\usuario\desktop\prog1\prog1\pbl\main\enterthemungeons\enterthemungeons\release\initsurfandtex.obj
c:\users\usuario\desktop\prog1\prog1\pbl\main\enterthemungeons\enterthemungeons\release\initstruct.obj
c:\users\usuario\desktop\prog1\prog1\pbl\main\enterthemungeons\enterthemungeons\release\initrect.obj
c:\users\usuario\desktop\prog1\prog1\pbl\main\enterthemungeons\enterthemungeons\release\gameover.obj
c:\users\usuario\desktop\prog1\prog1\pbl\main\enterthemungeons\enterthemungeons\release\fpscounter.obj
c:\users\usuario\desktop\prog1\prog1\pbl\main\enterthemungeons\enterthemungeons\release\finalboss.obj
c:\users\usuario\desktop\prog1\prog1\pbl\main\enterthemungeons\enterthemungeons\release\enemy.obj
c:\users\usuario\desktop\prog1\prog1\pbl\main\enterthemungeons\enterthemungeons\release\doors.obj
c:\users\usuario\desktop\prog1\prog1\pbl\main\enterthemungeons\enterthemungeons\release\collisions.obj
c:\users\usuario\desktop\prog1\prog1\pbl\main\enterthemungeons\enterthemungeons\release\bosshielo.obj
c:\users\usuario\desktop\prog1\prog1\pbl\main\enterthemungeons\enterthemungeons\release\bossesqueleto.obj
c:\users\usuario\desktop\prog1\prog1\pbl\main\enterthemungeons\enterthemungeons\release\bossarbol.obj
c:\users\usuario\desktop\prog1\prog1\pbl\main\enterthemungeons\enterthemungeons\release\animations.obj
c:\users\usuario\desktop\prog1\prog1\pbl\main\enterthemungeons\enterthemungeons\release\youwin.obj
c:\users\usuario\desktop\prog1\prog1\pbl\main\enterthemungeons\enterthemungeons\release\weapon.obj
c:\users\usuario\desktop\prog1\prog1\pbl\main\enterthemungeons\enterthemungeons\release\soinua.obj
c:\users\usuario\desktop\prog1\prog1\pbl\main\enterthemungeons\enterthemungeons\release\score.obj
c:\users\usuario\desktop\prog1\prog1\pbl\main\enterthemungeons\enterthemungeons\release\restart.obj
c:\users\usuario\desktop\prog1\prog1\pbl\main\enterthemungeons\enterthemungeons\release\enterthemungeons.tlog\cl.command.1.tlog
c:\users\usuario\desktop\prog1\prog1\pbl\main\enterthemungeons\enterthemungeons\release\enterthemungeons.tlog\cl.read.1.tlog
c:\users\usuario\desktop\prog1\prog1\pbl\main\enterthemungeons\enterthemungeons\release\enterthemungeons.tlog\cl.write.1.tlog
