  Animations.c
Animations.c(4): warning C4013: 'TakeRenderer' sin definir; se supone que extern devuelve como resultado int
Animations.c(4): warning C4047: 'función': 'SDL_Renderer *' es distinto en los niveles de direccionamiento indirecto de 'int'
Animations.c(4): warning C4024: 'SDL_RenderCopy': tipos distintos para el parámetro formal y el parámetro real 1
Animations.c(33): warning C4047: 'función': 'SDL_Renderer *' es distinto en los niveles de direccionamiento indirecto de 'int'
Animations.c(33): warning C4024: 'SDL_RenderCopy': tipos distintos para el parámetro formal y el parámetro real 1
Animations.c(37): warning C4047: 'función': 'SDL_Renderer *' es distinto en los niveles de direccionamiento indirecto de 'int'
Animations.c(37): warning C4024: 'SDL_RenderCopy': tipos distintos para el parámetro formal y el parámetro real 1
Animations.c(41): warning C4047: 'función': 'SDL_Renderer *' es distinto en los niveles de direccionamiento indirecto de 'int'
Animations.c(41): warning C4024: 'SDL_RenderCopy': tipos distintos para el parámetro formal y el parámetro real 1
Animations.c(45): warning C4047: 'función': 'SDL_Renderer *' es distinto en los niveles de direccionamiento indirecto de 'int'
Animations.c(45): warning C4024: 'SDL_RenderCopy': tipos distintos para el parámetro formal y el parámetro real 1
Animations.c(49): warning C4047: 'función': 'SDL_Renderer *' es distinto en los niveles de direccionamiento indirecto de 'int'
Animations.c(49): warning C4024: 'SDL_RenderCopy': tipos distintos para el parámetro formal y el parámetro real 1
Animations.c(53): warning C4047: 'función': 'SDL_Renderer *' es distinto en los niveles de direccionamiento indirecto de 'int'
Animations.c(53): warning C4024: 'SDL_RenderCopy': tipos distintos para el parámetro formal y el parámetro real 1
Animations.c(57): warning C4047: 'función': 'SDL_Renderer *' es distinto en los niveles de direccionamiento indirecto de 'int'
Animations.c(57): warning C4024: 'SDL_RenderCopy': tipos distintos para el parámetro formal y el parámetro real 1
Animations.c(61): warning C4047: 'función': 'SDL_Renderer *' es distinto en los niveles de direccionamiento indirecto de 'int'
Animations.c(61): warning C4024: 'SDL_RenderCopy': tipos distintos para el parámetro formal y el parámetro real 1
Animations.c(65): warning C4047: 'función': 'SDL_Renderer *' es distinto en los niveles de direccionamiento indirecto de 'int'
Animations.c(65): warning C4024: 'SDL_RenderCopy': tipos distintos para el parámetro formal y el parámetro real 1
Animations.c(69): warning C4047: 'función': 'SDL_Renderer *' es distinto en los niveles de direccionamiento indirecto de 'int'
Animations.c(69): warning C4024: 'SDL_RenderCopy': tipos distintos para el parámetro formal y el parámetro real 1
Animations.c(87): warning C4047: 'función': 'SDL_Renderer *' es distinto en los niveles de direccionamiento indirecto de 'int'
Animations.c(87): warning C4024: 'SDL_RenderCopy': tipos distintos para el parámetro formal y el parámetro real 1
Animations.c(91): warning C4047: 'función': 'SDL_Renderer *' es distinto en los niveles de direccionamiento indirecto de 'int'
Animations.c(91): warning C4024: 'SDL_RenderCopy': tipos distintos para el parámetro formal y el parámetro real 1
Animations.c(95): warning C4047: 'función': 'SDL_Renderer *' es distinto en los niveles de direccionamiento indirecto de 'int'
Animations.c(95): warning C4024: 'SDL_RenderCopy': tipos distintos para el parámetro formal y el parámetro real 1
Animations.c(106): warning C4047: 'función': 'SDL_Renderer *' es distinto en los niveles de direccionamiento indirecto de 'int'
Animations.c(106): warning C4024: 'SDL_RenderCopy': tipos distintos para el parámetro formal y el parámetro real 1
Animations.c(110): warning C4047: 'función': 'SDL_Renderer *' es distinto en los niveles de direccionamiento indirecto de 'int'
Animations.c(110): warning C4024: 'SDL_RenderCopy': tipos distintos para el parámetro formal y el parámetro real 1
Animations.c(114): warning C4047: 'función': 'SDL_Renderer *' es distinto en los niveles de direccionamiento indirecto de 'int'
Animations.c(114): warning C4024: 'SDL_RenderCopy': tipos distintos para el parámetro formal y el parámetro real 1
Animations.c(126): warning C4047: 'función': 'SDL_Renderer *' es distinto en los niveles de direccionamiento indirecto de 'int'
Animations.c(126): warning C4024: 'SDL_RenderCopy': tipos distintos para el parámetro formal y el parámetro real 1
Animations.c(130): warning C4047: 'función': 'SDL_Renderer *' es distinto en los niveles de direccionamiento indirecto de 'int'
Animations.c(130): warning C4024: 'SDL_RenderCopy': tipos distintos para el parámetro formal y el parámetro real 1
Animations.c(134): warning C4047: 'función': 'SDL_Renderer *' es distinto en los niveles de direccionamiento indirecto de 'int'
Animations.c(134): warning C4024: 'SDL_RenderCopy': tipos distintos para el parámetro formal y el parámetro real 1
  FPSCounter.c
  InitRect.c
  InitStruct.c
InitStruct.c(66): warning C4244: '=': conversión de 'int' a 'float'; posible pérdida de datos
InitStruct.c(67): warning C4244: '=': conversión de 'int' a 'float'; posible pérdida de datos
  InitSurfAndTex.c
InitSurfAndTex.c(40): warning C4013: 'TakeRenderer' sin definir; se supone que extern devuelve como resultado int
InitSurfAndTex.c(40): warning C4047: 'función': 'SDL_Renderer *' es distinto en los niveles de direccionamiento indirecto de 'int'
InitSurfAndTex.c(40): warning C4024: 'SDL_CreateTextureFromSurface': tipos distintos para el parámetro formal y el parámetro real 1
InitSurfAndTex.c(42): warning C4047: 'función': 'SDL_Renderer *' es distinto en los niveles de direccionamiento indirecto de 'int'
InitSurfAndTex.c(42): warning C4024: 'SDL_CreateTextureFromSurface': tipos distintos para el parámetro formal y el parámetro real 1
InitSurfAndTex.c(44): warning C4047: 'función': 'SDL_Renderer *' es distinto en los niveles de direccionamiento indirecto de 'int'
InitSurfAndTex.c(44): warning C4024: 'SDL_CreateTextureFromSurface': tipos distintos para el parámetro formal y el parámetro real 1
InitSurfAndTex.c(46): warning C4047: 'función': 'SDL_Renderer *' es distinto en los niveles de direccionamiento indirecto de 'int'
InitSurfAndTex.c(46): warning C4024: 'SDL_CreateTextureFromSurface': tipos distintos para el parámetro formal y el parámetro real 1
InitSurfAndTex.c(48): warning C4047: 'función': 'SDL_Renderer *' es distinto en los niveles de direccionamiento indirecto de 'int'
InitSurfAndTex.c(48): warning C4024: 'SDL_CreateTextureFromSurface': tipos distintos para el parámetro formal y el parámetro real 1
InitSurfAndTex.c(50): warning C4047: 'función': 'SDL_Renderer *' es distinto en los niveles de direccionamiento indirecto de 'int'
InitSurfAndTex.c(50): warning C4024: 'SDL_CreateTextureFromSurface': tipos distintos para el parámetro formal y el parámetro real 1
InitSurfAndTex.c(53): warning C4047: 'función': 'SDL_Renderer *' es distinto en los niveles de direccionamiento indirecto de 'int'
InitSurfAndTex.c(53): warning C4024: 'SDL_CreateTextureFromSurface': tipos distintos para el parámetro formal y el parámetro real 1
InitSurfAndTex.c(56): warning C4047: 'función': 'SDL_Renderer *' es distinto en los niveles de direccionamiento indirecto de 'int'
InitSurfAndTex.c(56): warning C4024: 'SDL_CreateTextureFromSurface': tipos distintos para el parámetro formal y el parámetro real 1
InitSurfAndTex.c(66): warning C4047: 'función': 'SDL_Renderer *' es distinto en los niveles de direccionamiento indirecto de 'int'
InitSurfAndTex.c(66): warning C4024: 'SDL_CreateTextureFromSurface': tipos distintos para el parámetro formal y el parámetro real 1
InitSurfAndTex.c(67): warning C4047: 'función': 'SDL_Renderer *' es distinto en los niveles de direccionamiento indirecto de 'int'
InitSurfAndTex.c(67): warning C4024: 'SDL_CreateTextureFromSurface': tipos distintos para el parámetro formal y el parámetro real 1
InitSurfAndTex.c(68): warning C4047: 'función': 'SDL_Renderer *' es distinto en los niveles de direccionamiento indirecto de 'int'
InitSurfAndTex.c(68): warning C4024: 'SDL_CreateTextureFromSurface': tipos distintos para el parámetro formal y el parámetro real 1
InitSurfAndTex.c(69): warning C4047: 'función': 'SDL_Renderer *' es distinto en los niveles de direccionamiento indirecto de 'int'
InitSurfAndTex.c(69): warning C4024: 'SDL_CreateTextureFromSurface': tipos distintos para el parámetro formal y el parámetro real 1
InitSurfAndTex.c(70): warning C4047: 'función': 'SDL_Renderer *' es distinto en los niveles de direccionamiento indirecto de 'int'
InitSurfAndTex.c(70): warning C4024: 'SDL_CreateTextureFromSurface': tipos distintos para el parámetro formal y el parámetro real 1
InitSurfAndTex.c(71): warning C4047: 'función': 'SDL_Renderer *' es distinto en los niveles de direccionamiento indirecto de 'int'
InitSurfAndTex.c(71): warning C4024: 'SDL_CreateTextureFromSurface': tipos distintos para el parámetro formal y el parámetro real 1
InitSurfAndTex.c(74): warning C4047: 'función': 'SDL_Renderer *' es distinto en los niveles de direccionamiento indirecto de 'int'
InitSurfAndTex.c(74): warning C4024: 'SDL_CreateTextureFromSurface': tipos distintos para el parámetro formal y el parámetro real 1
InitSurfAndTex.c(76): warning C4047: 'función': 'SDL_Renderer *' es distinto en los niveles de direccionamiento indirecto de 'int'
InitSurfAndTex.c(76): warning C4024: 'SDL_CreateTextureFromSurface': tipos distintos para el parámetro formal y el parámetro real 1
InitSurfAndTex.c(78): warning C4047: 'función': 'SDL_Renderer *' es distinto en los niveles de direccionamiento indirecto de 'int'
InitSurfAndTex.c(78): warning C4024: 'SDL_CreateTextureFromSurface': tipos distintos para el parámetro formal y el parámetro real 1
InitSurfAndTex.c(80): warning C4047: 'función': 'SDL_Renderer *' es distinto en los niveles de direccionamiento indirecto de 'int'
InitSurfAndTex.c(80): warning C4024: 'SDL_CreateTextureFromSurface': tipos distintos para el parámetro formal y el parámetro real 1
InitSurfAndTex.c(82): warning C4047: 'función': 'SDL_Renderer *' es distinto en los niveles de direccionamiento indirecto de 'int'
InitSurfAndTex.c(82): warning C4024: 'SDL_CreateTextureFromSurface': tipos distintos para el parámetro formal y el parámetro real 1
InitSurfAndTex.c(84): warning C4047: 'función': 'SDL_Renderer *' es distinto en los niveles de direccionamiento indirecto de 'int'
InitSurfAndTex.c(84): warning C4024: 'SDL_CreateTextureFromSurface': tipos distintos para el parámetro formal y el parámetro real 1
InitSurfAndTex.c(88): warning C4047: 'función': 'SDL_Renderer *' es distinto en los niveles de direccionamiento indirecto de 'int'
InitSurfAndTex.c(88): warning C4024: 'SDL_CreateTextureFromSurface': tipos distintos para el parámetro formal y el parámetro real 1
InitSurfAndTex.c(97): warning C4047: 'función': 'SDL_Renderer *' es distinto en los niveles de direccionamiento indirecto de 'int'
InitSurfAndTex.c(97): warning C4024: 'SDL_CreateTextureFromSurface': tipos distintos para el parámetro formal y el parámetro real 1
InitSurfAndTex.c(105): warning C4047: 'función': 'SDL_Renderer *' es distinto en los niveles de direccionamiento indirecto de 'int'
InitSurfAndTex.c(105): warning C4024: 'SDL_CreateTextureFromSurface': tipos distintos para el parámetro formal y el parámetro real 1
InitSurfAndTex.c(106): warning C4047: 'función': 'SDL_Renderer *' es distinto en los niveles de direccionamiento indirecto de 'int'
InitSurfAndTex.c(106): warning C4024: 'SDL_CreateTextureFromSurface': tipos distintos para el parámetro formal y el parámetro real 1
InitSurfAndTex.c(107): warning C4047: 'función': 'SDL_Renderer *' es distinto en los niveles de direccionamiento indirecto de 'int'
InitSurfAndTex.c(107): warning C4024: 'SDL_CreateTextureFromSurface': tipos distintos para el parámetro formal y el parámetro real 1
InitSurfAndTex.c(110): warning C4047: 'función': 'SDL_Renderer *' es distinto en los niveles de direccionamiento indirecto de 'int'
InitSurfAndTex.c(110): warning C4024: 'SDL_CreateTextureFromSurface': tipos distintos para el parámetro formal y el parámetro real 1
InitSurfAndTex.c(112): warning C4047: 'función': 'SDL_Renderer *' es distinto en los niveles de direccionamiento indirecto de 'int'
InitSurfAndTex.c(112): warning C4024: 'SDL_CreateTextureFromSurface': tipos distintos para el parámetro formal y el parámetro real 1
InitSurfAndTex.c(116): warning C4047: 'función': 'SDL_Renderer *' es distinto en los niveles de direccionamiento indirecto de 'int'
InitSurfAndTex.c(116): warning C4024: 'SDL_CreateTextureFromSurface': tipos distintos para el parámetro formal y el parámetro real 1
InitSurfAndTex.c(118): warning C4047: 'función': 'SDL_Renderer *' es distinto en los niveles de direccionamiento indirecto de 'int'
InitSurfAndTex.c(118): warning C4024: 'SDL_CreateTextureFromSurface': tipos distintos para el parámetro formal y el parámetro real 1
InitSurfAndTex.c(123): warning C4047: 'función': 'SDL_Renderer *' es distinto en los niveles de direccionamiento indirecto de 'int'
InitSurfAndTex.c(123): warning C4024: 'SDL_CreateTextureFromSurface': tipos distintos para el parámetro formal y el parámetro real 1
InitSurfAndTex.c(126): warning C4047: 'función': 'SDL_Renderer *' es distinto en los niveles de direccionamiento indirecto de 'int'
InitSurfAndTex.c(126): warning C4024: 'SDL_CreateTextureFromSurface': tipos distintos para el parámetro formal y el parámetro real 1
InitSurfAndTex.c(129): warning C4047: 'función': 'SDL_Renderer *' es distinto en los niveles de direccionamiento indirecto de 'int'
InitSurfAndTex.c(129): warning C4024: 'SDL_CreateTextureFromSurface': tipos distintos para el parámetro formal y el parámetro real 1
InitSurfAndTex.c(133): warning C4047: 'función': 'SDL_Renderer *' es distinto en los niveles de direccionamiento indirecto de 'int'
InitSurfAndTex.c(133): warning C4024: 'SDL_CreateTextureFromSurface': tipos distintos para el parámetro formal y el parámetro real 1
InitSurfAndTex.c(137): warning C4047: 'función': 'SDL_Renderer *' es distinto en los niveles de direccionamiento indirecto de 'int'
InitSurfAndTex.c(137): warning C4024: 'SDL_CreateTextureFromSurface': tipos distintos para el parámetro formal y el parámetro real 1
InitSurfAndTex.c(139): warning C4047: 'función': 'SDL_Renderer *' es distinto en los niveles de direccionamiento indirecto de 'int'
InitSurfAndTex.c(139): warning C4024: 'SDL_CreateTextureFromSurface': tipos distintos para el parámetro formal y el parámetro real 1
InitSurfAndTex.c(141): warning C4047: 'función': 'SDL_Renderer *' es distinto en los niveles de direccionamiento indirecto de 'int'
InitSurfAndTex.c(141): warning C4024: 'SDL_CreateTextureFromSurface': tipos distintos para el parámetro formal y el parámetro real 1
InitSurfAndTex.c(147): warning C4047: 'función': 'SDL_Renderer *' es distinto en los niveles de direccionamiento indirecto de 'int'
InitSurfAndTex.c(147): warning C4024: 'SDL_CreateTextureFromSurface': tipos distintos para el parámetro formal y el parámetro real 1
InitSurfAndTex.c(151): warning C4047: 'función': 'SDL_Renderer *' es distinto en los niveles de direccionamiento indirecto de 'int'
InitSurfAndTex.c(151): warning C4024: 'SDL_CreateTextureFromSurface': tipos distintos para el parámetro formal y el parámetro real 1
InitSurfAndTex.c(153): warning C4047: 'función': 'SDL_Renderer *' es distinto en los niveles de direccionamiento indirecto de 'int'
InitSurfAndTex.c(153): warning C4024: 'SDL_CreateTextureFromSurface': tipos distintos para el parámetro formal y el parámetro real 1
InitSurfAndTex.c(159): warning C4047: 'función': 'SDL_Renderer *' es distinto en los niveles de direccionamiento indirecto de 'int'
InitSurfAndTex.c(159): warning C4024: 'SDL_CreateTextureFromSurface': tipos distintos para el parámetro formal y el parámetro real 1
InitSurfAndTex.c(163): warning C4047: 'función': 'SDL_Renderer *' es distinto en los niveles de direccionamiento indirecto de 'int'
InitSurfAndTex.c(163): warning C4024: 'SDL_CreateTextureFromSurface': tipos distintos para el parámetro formal y el parámetro real 1
InitSurfAndTex.c(165): warning C4047: 'función': 'SDL_Renderer *' es distinto en los niveles de direccionamiento indirecto de 'int'
InitSurfAndTex.c(165): warning C4024: 'SDL_CreateTextureFromSurface': tipos distintos para el parámetro formal y el parámetro real 1
InitSurfAndTex.c(171): warning C4047: 'función': 'SDL_Renderer *' es distinto en los niveles de direccionamiento indirecto de 'int'
InitSurfAndTex.c(171): warning C4024: 'SDL_CreateTextureFromSurface': tipos distintos para el parámetro formal y el parámetro real 1
InitSurfAndTex.c(175): warning C4047: 'función': 'SDL_Renderer *' es distinto en los niveles de direccionamiento indirecto de 'int'
InitSurfAndTex.c(175): warning C4024: 'SDL_CreateTextureFromSurface': tipos distintos para el parámetro formal y el parámetro real 1
InitSurfAndTex.c(177): warning C4047: 'función': 'SDL_Renderer *' es distinto en los niveles de direccionamiento indirecto de 'int'
InitSurfAndTex.c(177): warning C4024: 'SDL_CreateTextureFromSurface': tipos distintos para el parámetro formal y el parámetro real 1
InitSurfAndTex.c(183): warning C4047: 'función': 'SDL_Renderer *' es distinto en los niveles de direccionamiento indirecto de 'int'
InitSurfAndTex.c(183): warning C4024: 'SDL_CreateTextureFromSurface': tipos distintos para el parámetro formal y el parámetro real 1
InitSurfAndTex.c(185): warning C4047: 'función': 'SDL_Renderer *' es distinto en los niveles de direccionamiento indirecto de 'int'
InitSurfAndTex.c(185): warning C4024: 'SDL_CreateTextureFromSurface': tipos distintos para el parámetro formal y el parámetro real 1
InitSurfAndTex.c(187): warning C4047: 'función': 'SDL_Renderer *' es distinto en los niveles de direccionamiento indirecto de 'int'
InitSurfAndTex.c(187): warning C4024: 'SDL_CreateTextureFromSurface': tipos distintos para el parámetro formal y el parámetro real 1
InitSurfAndTex.c(190): warning C4047: 'función': 'SDL_Renderer *' es distinto en los niveles de direccionamiento indirecto de 'int'
InitSurfAndTex.c(190): warning C4024: 'SDL_CreateTextureFromSurface': tipos distintos para el parámetro formal y el parámetro real 1
InitSurfAndTex.c(192): warning C4047: 'función': 'SDL_Renderer *' es distinto en los niveles de direccionamiento indirecto de 'int'
InitSurfAndTex.c(192): warning C4024: 'SDL_CreateTextureFromSurface': tipos distintos para el parámetro formal y el parámetro real 1
InitSurfAndTex.c(194): warning C4047: 'función': 'SDL_Renderer *' es distinto en los niveles de direccionamiento indirecto de 'int'
InitSurfAndTex.c(194): warning C4024: 'SDL_CreateTextureFromSurface': tipos distintos para el parámetro formal y el parámetro real 1
InitSurfAndTex.c(196): warning C4047: 'función': 'SDL_Renderer *' es distinto en los niveles de direccionamiento indirecto de 'int'
InitSurfAndTex.c(196): warning C4024: 'SDL_CreateTextureFromSurface': tipos distintos para el parámetro formal y el parámetro real 1
InitSurfAndTex.c(198): warning C4047: 'función': 'SDL_Renderer *' es distinto en los niveles de direccionamiento indirecto de 'int'
InitSurfAndTex.c(198): warning C4024: 'SDL_CreateTextureFromSurface': tipos distintos para el parámetro formal y el parámetro real 1
InitSurfAndTex.c(200): warning C4047: 'función': 'SDL_Renderer *' es distinto en los niveles de direccionamiento indirecto de 'int'
InitSurfAndTex.c(200): warning C4024: 'SDL_CreateTextureFromSurface': tipos distintos para el parámetro formal y el parámetro real 1
InitSurfAndTex.c(202): warning C4047: 'función': 'SDL_Renderer *' es distinto en los niveles de direccionamiento indirecto de 'int'
InitSurfAndTex.c(202): warning C4024: 'SDL_CreateTextureFromSurface': tipos distintos para el parámetro formal y el parámetro real 1
InitSurfAndTex.c(204): warning C4047: 'función': 'SDL_Renderer *' es distinto en los niveles de direccionamiento indirecto de 'int'
InitSurfAndTex.c(204): warning C4024: 'SDL_CreateTextureFromSurface': tipos distintos para el parámetro formal y el parámetro real 1
InitSurfAndTex.c(217): warning C4047: 'función': 'SDL_Renderer *' es distinto en los niveles de direccionamiento indirecto de 'int'
InitSurfAndTex.c(217): warning C4024: 'SDL_CreateTextureFromSurface': tipos distintos para el parámetro formal y el parámetro real 1
InitSurfAndTex.c(218): warning C4047: 'función': 'SDL_Renderer *' es distinto en los niveles de direccionamiento indirecto de 'int'
InitSurfAndTex.c(218): warning C4024: 'SDL_CreateTextureFromSurface': tipos distintos para el parámetro formal y el parámetro real 1
InitSurfAndTex.c(219): warning C4047: 'función': 'SDL_Renderer *' es distinto en los niveles de direccionamiento indirecto de 'int'
InitSurfAndTex.c(219): warning C4024: 'SDL_CreateTextureFromSurface': tipos distintos para el parámetro formal y el parámetro real 1
InitSurfAndTex.c(231): warning C4047: 'función': 'SDL_Renderer *' es distinto en los niveles de direccionamiento indirecto de 'int'
InitSurfAndTex.c(231): warning C4024: 'SDL_CreateTextureFromSurface': tipos distintos para el parámetro formal y el parámetro real 1
InitSurfAndTex.c(232): warning C4047: 'función': 'SDL_Renderer *' es distinto en los niveles de direccionamiento indirecto de 'int'
InitSurfAndTex.c(232): warning C4024: 'SDL_CreateTextureFromSurface': tipos distintos para el parámetro formal y el parámetro real 1
InitSurfAndTex.c(233): warning C4047: 'función': 'SDL_Renderer *' es distinto en los niveles de direccionamiento indirecto de 'int'
InitSurfAndTex.c(233): warning C4024: 'SDL_CreateTextureFromSurface': tipos distintos para el parámetro formal y el parámetro real 1
InitSurfAndTex.c(234): warning C4047: 'función': 'SDL_Renderer *' es distinto en los niveles de direccionamiento indirecto de 'int'
InitSurfAndTex.c(234): warning C4024: 'SDL_CreateTextureFromSurface': tipos distintos para el parámetro formal y el parámetro real 1
InitSurfAndTex.c(235): warning C4047: 'función': 'SDL_Renderer *' es distinto en los niveles de direccionamiento indirecto de 'int'
InitSurfAndTex.c(235): warning C4024: 'SDL_CreateTextureFromSurface': tipos distintos para el parámetro formal y el parámetro real 1
InitSurfAndTex.c(236): warning C4047: 'función': 'SDL_Renderer *' es distinto en los niveles de direccionamiento indirecto de 'int'
InitSurfAndTex.c(236): warning C4024: 'SDL_CreateTextureFromSurface': tipos distintos para el parámetro formal y el parámetro real 1
InitSurfAndTex.c(237): warning C4047: 'función': 'SDL_Renderer *' es distinto en los niveles de direccionamiento indirecto de 'int'
InitSurfAndTex.c(237): warning C4024: 'SDL_CreateTextureFromSurface': tipos distintos para el parámetro formal y el parámetro real 1
InitSurfAndTex.c(238): warning C4047: 'función': 'SDL_Renderer *' es distinto en los niveles de direccionamiento indirecto de 'int'
InitSurfAndTex.c(238): warning C4024: 'SDL_CreateTextureFromSurface': tipos distintos para el parámetro formal y el parámetro real 1
InitSurfAndTex.c(239): warning C4047: 'función': 'SDL_Renderer *' es distinto en los niveles de direccionamiento indirecto de 'int'
InitSurfAndTex.c(239): warning C4024: 'SDL_CreateTextureFromSurface': tipos distintos para el parámetro formal y el parámetro real 1
InitSurfAndTex.c(240): warning C4047: 'función': 'SDL_Renderer *' es distinto en los niveles de direccionamiento indirecto de 'int'
InitSurfAndTex.c(240): warning C4024: 'SDL_CreateTextureFromSurface': tipos distintos para el parámetro formal y el parámetro real 1
InitSurfAndTex.c(251): warning C4047: 'función': 'SDL_Renderer *' es distinto en los niveles de direccionamiento indirecto de 'int'
InitSurfAndTex.c(251): warning C4024: 'SDL_CreateTextureFromSurface': tipos distintos para el parámetro formal y el parámetro real 1
InitSurfAndTex.c(252): warning C4047: 'función': 'SDL_Renderer *' es distinto en los niveles de direccionamiento indirecto de 'int'
InitSurfAndTex.c(252): warning C4024: 'SDL_CreateTextureFromSurface': tipos distintos para el parámetro formal y el parámetro real 1
InitSurfAndTex.c(253): warning C4047: 'función': 'SDL_Renderer *' es distinto en los niveles de direccionamiento indirecto de 'int'
InitSurfAndTex.c(253): warning C4024: 'SDL_CreateTextureFromSurface': tipos distintos para el parámetro formal y el parámetro real 1
InitSurfAndTex.c(254): warning C4047: 'función': 'SDL_Renderer *' es distinto en los niveles de direccionamiento indirecto de 'int'
InitSurfAndTex.c(254): warning C4024: 'SDL_CreateTextureFromSurface': tipos distintos para el parámetro formal y el parámetro real 1
InitSurfAndTex.c(255): warning C4047: 'función': 'SDL_Renderer *' es distinto en los niveles de direccionamiento indirecto de 'int'
InitSurfAndTex.c(255): warning C4024: 'SDL_CreateTextureFromSurface': tipos distintos para el parámetro formal y el parámetro real 1
InitSurfAndTex.c(256): warning C4047: 'función': 'SDL_Renderer *' es distinto en los niveles de direccionamiento indirecto de 'int'
InitSurfAndTex.c(256): warning C4024: 'SDL_CreateTextureFromSurface': tipos distintos para el parámetro formal y el parámetro real 1
InitSurfAndTex.c(257): warning C4047: 'función': 'SDL_Renderer *' es distinto en los niveles de direccionamiento indirecto de 'int'
InitSurfAndTex.c(257): warning C4024: 'SDL_CreateTextureFromSurface': tipos distintos para el parámetro formal y el parámetro real 1
InitSurfAndTex.c(258): warning C4047: 'función': 'SDL_Renderer *' es distinto en los niveles de direccionamiento indirecto de 'int'
InitSurfAndTex.c(258): warning C4024: 'SDL_CreateTextureFromSurface': tipos distintos para el parámetro formal y el parámetro real 1
InitSurfAndTex.c(259): warning C4047: 'función': 'SDL_Renderer *' es distinto en los niveles de direccionamiento indirecto de 'int'
InitSurfAndTex.c(259): warning C4024: 'SDL_CreateTextureFromSurface': tipos distintos para el parámetro formal y el parámetro real 1
  Main.c
Main.c(40): warning C4013: 'menuSprites' sin definir; se supone que extern devuelve como resultado int
Main.c(57): warning C4047: 'función': 'ProtaBullet *' es distinto en los niveles de direccionamiento indirecto de 'ProtaBullet (*)[1]'
Main.c(57): warning C4024: 'AllyBulletCreation': tipos distintos para el parámetro formal y el parámetro real 3
Main.c(58): warning C4047: 'función': 'ProtaBullet *' es distinto en los niveles de direccionamiento indirecto de 'ProtaBullet (*)[1]'
Main.c(58): warning C4024: 'MoveAllyBullet': tipos distintos para el parámetro formal y el parámetro real 2
Main.c(63): warning C4047: 'función': 'EnemyVe *' es distinto en los niveles de direccionamiento indirecto de 'EnemyVe (*)[5]'
Main.c(63): warning C4024: 'Enemydead': tipos distintos para el parámetro formal y el parámetro real 2
Main.c(63): warning C4047: 'función': 'SDL_Rect *' es distinto en los niveles de direccionamiento indirecto de 'SDL_Rect (*)[5]'
Main.c(63): warning C4024: 'Enemydead': tipos distintos para el parámetro formal y el parámetro real 3
Main.c(78): warning C4047: 'función': 'SDL_Rect *' es distinto en los niveles de direccionamiento indirecto de 'SDL_Rect (*)[5]'
Main.c(78): warning C4024: 'MoveEnemyBullet': tipos distintos para el parámetro formal y el parámetro real 4
Main.c(103): warning C4013: 'weaponSelector' sin definir; se supone que extern devuelve como resultado int
Main.c(122): warning C4047: 'función': 'SDL_Rect *' es distinto en los niveles de direccionamiento indirecto de 'SDL_Rect (*)[5]'
Main.c(122): warning C4024: 'life': tipos distintos para el parámetro formal y el parámetro real 2
  YouWin.c
YouWin.c(7): warning C4013: 'TakeRenderer' sin definir; se supone que extern devuelve como resultado int
YouWin.c(7): warning C4047: 'función': 'SDL_Renderer *' es distinto en los niveles de direccionamiento indirecto de 'int'
YouWin.c(7): warning C4024: 'SDL_RenderCopy': tipos distintos para el parámetro formal y el parámetro real 1
YouWin.c(10): warning C4047: 'función': 'SDL_Renderer *' es distinto en los niveles de direccionamiento indirecto de 'int'
YouWin.c(10): warning C4024: 'SDL_RenderCopy': tipos distintos para el parámetro formal y el parámetro real 1
YouWin.c(13): warning C4047: 'función': 'SDL_Renderer *' es distinto en los niveles de direccionamiento indirecto de 'int'
YouWin.c(13): warning C4024: 'SDL_RenderCopy': tipos distintos para el parámetro formal y el parámetro real 1
YouWin.c(16): warning C4047: 'función': 'SDL_Renderer *' es distinto en los niveles de direccionamiento indirecto de 'int'
YouWin.c(16): warning C4024: 'SDL_RenderCopy': tipos distintos para el parámetro formal y el parámetro real 1
  bossArbol.c
bossArbol.c(28): warning C4244: '=': conversión de 'int' a 'float'; posible pérdida de datos
bossArbol.c(29): warning C4244: '=': conversión de 'int' a 'float'; posible pérdida de datos
bossArbol.c(30): warning C4244: '=': conversión de 'double' a 'float'; posible pérdida de datos
bossArbol.c(40): warning C4244: '=': conversión de 'int' a 'float'; posible pérdida de datos
bossArbol.c(41): warning C4244: '=': conversión de 'int' a 'float'; posible pérdida de datos
bossArbol.c(42): warning C4244: '=': conversión de 'double' a 'float'; posible pérdida de datos
bossArbol.c(62): warning C4244: '+=': conversión de 'float' a 'int'; posible pérdida de datos
bossArbol.c(63): warning C4244: '+=': conversión de 'float' a 'int'; posible pérdida de datos
bossArbol.c(79): warning C4244: '+=': conversión de 'float' a 'int'; posible pérdida de datos
bossArbol.c(80): warning C4244: '+=': conversión de 'float' a 'int'; posible pérdida de datos
bossArbol.c(98): warning C4305: '-=': truncamiento de 'double' a 'float'
  bossEsqueleto.c
bossEsqueleto.c(19): warning C4244: '=': conversión de 'int' a 'float'; posible pérdida de datos
bossEsqueleto.c(20): warning C4244: '=': conversión de 'int' a 'float'; posible pérdida de datos
bossEsqueleto.c(21): warning C4244: '=': conversión de 'double' a 'float'; posible pérdida de datos
bossEsqueleto.c(25): warning C4244: '+=': conversión de 'float' a 'int'; posible pérdida de datos
bossEsqueleto.c(26): warning C4244: '+=': conversión de 'float' a 'int'; posible pérdida de datos
bossEsqueleto.c(61): warning C4244: '=': conversión de 'int' a 'float'; posible pérdida de datos
bossEsqueleto.c(62): warning C4244: '=': conversión de 'int' a 'float'; posible pérdida de datos
bossEsqueleto.c(63): warning C4244: '=': conversión de 'double' a 'float'; posible pérdida de datos
bossEsqueleto.c(68): warning C4244: '+=': conversión de 'float' a 'int'; posible pérdida de datos
bossEsqueleto.c(69): warning C4244: '+=': conversión de 'float' a 'int'; posible pérdida de datos
bossEsqueleto.c(85): warning C4244: '+=': conversión de 'float' a 'int'; posible pérdida de datos
bossEsqueleto.c(86): warning C4244: '+=': conversión de 'float' a 'int'; posible pérdida de datos
bossEsqueleto.c(104): warning C4305: '-=': truncamiento de 'double' a 'float'
  bossHielo.c
bossHielo.c(19): warning C4244: '+=': conversión de 'float' a 'int'; posible pérdida de datos
bossHielo.c(20): warning C4244: '+=': conversión de 'float' a 'int'; posible pérdida de datos
bossHielo.c(54): warning C4244: '=': conversión de 'int' a 'float'; posible pérdida de datos
bossHielo.c(55): warning C4244: '=': conversión de 'int' a 'float'; posible pérdida de datos
bossHielo.c(56): warning C4244: '=': conversión de 'double' a 'float'; posible pérdida de datos
bossHielo.c(66): warning C4244: '=': conversión de 'int' a 'float'; posible pérdida de datos
bossHielo.c(67): warning C4244: '=': conversión de 'int' a 'float'; posible pérdida de datos
bossHielo.c(68): warning C4244: '=': conversión de 'double' a 'float'; posible pérdida de datos
bossHielo.c(88): warning C4244: '+=': conversión de 'float' a 'int'; posible pérdida de datos
bossHielo.c(89): warning C4244: '+=': conversión de 'float' a 'int'; posible pérdida de datos
bossHielo.c(104): warning C4244: '+=': conversión de 'float' a 'int'; posible pérdida de datos
bossHielo.c(105): warning C4244: '+=': conversión de 'float' a 'int'; posible pérdida de datos
bossHielo.c(122): warning C4305: '-=': truncamiento de 'double' a 'float'
  bossLava.c
bossLava.c(5): warning C4244: '+=': conversión de 'float' a 'int'; posible pérdida de datos
bossLava.c(55): warning C4013: 'TakeRenderer' sin definir; se supone que extern devuelve como resultado int
bossLava.c(55): warning C4087: 'lavaAtakeakMugitu': se ha declarado con la lista de parámetros 'void'
bossLava.c(64): warning C4244: '+=': conversión de 'float' a 'int'; posible pérdida de datos
bossLava.c(78): warning C4244: '+=': conversión de 'float' a 'int'; posible pérdida de datos
bossLava.c(96): warning C4305: '-=': truncamiento de 'double' a 'float'
  collisions.c
collisions.c(52): warning C4244: '=': conversión de 'int' a 'float'; posible pérdida de datos
collisions.c(53): warning C4244: '=': conversión de 'int' a 'float'; posible pérdida de datos
collisions.c(56): warning C4244: '=': conversión de 'float' a 'int'; posible pérdida de datos
collisions.c(57): warning C4244: '=': conversión de 'float' a 'int'; posible pérdida de datos
collisions.c(73): warning C4244: '=': conversión de 'double' a 'float'; posible pérdida de datos
collisions.c(74): warning C4244: '=': conversión de 'double' a 'float'; posible pérdida de datos
collisions.c(75): warning C4244: '=': conversión de 'double' a 'float'; posible pérdida de datos
collisions.c(76): warning C4244: '=': conversión de 'double' a 'float'; posible pérdida de datos
  doors.c
  enemy.c
enemy.c(32): warning C4013: 'time' sin definir; se supone que extern devuelve como resultado int
enemy.c(93): warning C4244: '=': conversión de 'int' a 'float'; posible pérdida de datos
enemy.c(94): warning C4244: '=': conversión de 'int' a 'float'; posible pérdida de datos
enemy.c(95): warning C4244: '=': conversión de 'double' a 'float'; posible pérdida de datos
enemy.c(98): warning C4244: '=': conversión de 'int' a 'float'; posible pérdida de datos
enemy.c(99): warning C4244: '=': conversión de 'int' a 'float'; posible pérdida de datos
enemy.c(115): warning C4028: parámetro formal 2 distinto de la declaración
enemy.c(170): warning C4013: 'TakeRenderer' sin definir; se supone que extern devuelve como resultado int
enemy.c(170): warning C4047: 'función': 'SDL_Renderer *' es distinto en los niveles de direccionamiento indirecto de 'int'
enemy.c(170): warning C4024: 'SDL_CreateTextureFromSurface': tipos distintos para el parámetro formal y el parámetro real 1
enemy.c(171): warning C4047: 'función': 'SDL_Renderer *' es distinto en los niveles de direccionamiento indirecto de 'int'
enemy.c(171): warning C4024: 'SDL_CreateTextureFromSurface': tipos distintos para el parámetro formal y el parámetro real 1
enemy.c(178): warning C4047: 'función': 'SDL_Renderer *' es distinto en los niveles de direccionamiento indirecto de 'int'
enemy.c(178): warning C4024: 'SDL_RenderCopy': tipos distintos para el parámetro formal y el parámetro real 1
enemy.c(179): warning C4047: 'función': 'SDL_Renderer *' es distinto en los niveles de direccionamiento indirecto de 'int'
enemy.c(179): warning C4024: 'SDL_RenderCopy': tipos distintos para el parámetro formal y el parámetro real 1
enemy.c(192): warning C4047: 'función': 'SDL_Renderer *' es distinto en los niveles de direccionamiento indirecto de 'int'
enemy.c(192): warning C4024: 'SDL_CreateTextureFromSurface': tipos distintos para el parámetro formal y el parámetro real 1
enemy.c(193): warning C4047: 'función': 'SDL_Renderer *' es distinto en los niveles de direccionamiento indirecto de 'int'
enemy.c(193): warning C4024: 'SDL_CreateTextureFromSurface': tipos distintos para el parámetro formal y el parámetro real 1
enemy.c(200): warning C4047: 'función': 'SDL_Renderer *' es distinto en los niveles de direccionamiento indirecto de 'int'
enemy.c(200): warning C4024: 'SDL_RenderCopy': tipos distintos para el parámetro formal y el parámetro real 1
enemy.c(201): warning C4047: 'función': 'SDL_Renderer *' es distinto en los niveles de direccionamiento indirecto de 'int'
enemy.c(201): warning C4024: 'SDL_RenderCopy': tipos distintos para el parámetro formal y el parámetro real 1
enemy.c(212): warning C4047: 'función': 'SDL_Renderer *' es distinto en los niveles de direccionamiento indirecto de 'int'
enemy.c(212): warning C4024: 'SDL_CreateTextureFromSurface': tipos distintos para el parámetro formal y el parámetro real 1
enemy.c(213): warning C4047: 'función': 'SDL_Renderer *' es distinto en los niveles de direccionamiento indirecto de 'int'
enemy.c(213): warning C4024: 'SDL_CreateTextureFromSurface': tipos distintos para el parámetro formal y el parámetro real 1
enemy.c(220): warning C4047: 'función': 'SDL_Renderer *' es distinto en los niveles de direccionamiento indirecto de 'int'
enemy.c(220): warning C4024: 'SDL_RenderCopy': tipos distintos para el parámetro formal y el parámetro real 1
enemy.c(221): warning C4047: 'función': 'SDL_Renderer *' es distinto en los niveles de direccionamiento indirecto de 'int'
enemy.c(221): warning C4024: 'SDL_RenderCopy': tipos distintos para el parámetro formal y el parámetro real 1
enemy.c(232): warning C4047: 'función': 'SDL_Renderer *' es distinto en los niveles de direccionamiento indirecto de 'int'
enemy.c(232): warning C4024: 'SDL_CreateTextureFromSurface': tipos distintos para el parámetro formal y el parámetro real 1
enemy.c(233): warning C4047: 'función': 'SDL_Renderer *' es distinto en los niveles de direccionamiento indirecto de 'int'
enemy.c(233): warning C4024: 'SDL_CreateTextureFromSurface': tipos distintos para el parámetro formal y el parámetro real 1
enemy.c(240): warning C4047: 'función': 'SDL_Renderer *' es distinto en los niveles de direccionamiento indirecto de 'int'
enemy.c(240): warning C4024: 'SDL_RenderCopy': tipos distintos para el parámetro formal y el parámetro real 1
enemy.c(241): warning C4047: 'función': 'SDL_Renderer *' es distinto en los niveles de direccionamiento indirecto de 'int'
enemy.c(241): warning C4024: 'SDL_RenderCopy': tipos distintos para el parámetro formal y el parámetro real 1
  finalBoss.c
finalBoss.c(23): warning C4013: 'time' sin definir; se supone que extern devuelve como resultado int
finalBoss.c(90): warning C4244: '=': conversión de 'int' a 'float'; posible pérdida de datos
finalBoss.c(91): warning C4244: '=': conversión de 'int' a 'float'; posible pérdida de datos
finalBoss.c(92): warning C4244: '=': conversión de 'double' a 'float'; posible pérdida de datos
finalBoss.c(102): warning C4244: '=': conversión de 'int' a 'float'; posible pérdida de datos
finalBoss.c(103): warning C4244: '=': conversión de 'int' a 'float'; posible pérdida de datos
finalBoss.c(104): warning C4244: '=': conversión de 'double' a 'float'; posible pérdida de datos
finalBoss.c(120): warning C4244: '+=': conversión de 'float' a 'int'; posible pérdida de datos
finalBoss.c(121): warning C4244: '+=': conversión de 'float' a 'int'; posible pérdida de datos
finalBoss.c(137): warning C4244: '+=': conversión de 'float' a 'int'; posible pérdida de datos
finalBoss.c(138): warning C4244: '+=': conversión de 'float' a 'int'; posible pérdida de datos
finalBoss.c(196): warning C4244: '+=': conversión de 'float' a 'int'; posible pérdida de datos
finalBoss.c(197): warning C4244: '+=': conversión de 'float' a 'int'; posible pérdida de datos
finalBoss.c(200): warning C4244: '+=': conversión de 'float' a 'int'; posible pérdida de datos
finalBoss.c(201): warning C4244: '+=': conversión de 'float' a 'int'; posible pérdida de datos
finalBoss.c(204): warning C4244: '+=': conversión de 'float' a 'int'; posible pérdida de datos
finalBoss.c(205): warning C4244: '+=': conversión de 'float' a 'int'; posible pérdida de datos
finalBoss.c(208): warning C4244: '+=': conversión de 'float' a 'int'; posible pérdida de datos
finalBoss.c(209): warning C4244: '+=': conversión de 'float' a 'int'; posible pérdida de datos
finalBoss.c(212): warning C4244: '+=': conversión de 'float' a 'int'; posible pérdida de datos
finalBoss.c(213): warning C4244: '+=': conversión de 'float' a 'int'; posible pérdida de datos
finalBoss.c(216): warning C4244: '+=': conversión de 'float' a 'int'; posible pérdida de datos
finalBoss.c(217): warning C4244: '+=': conversión de 'float' a 'int'; posible pérdida de datos
finalBoss.c(220): warning C4244: '+=': conversión de 'float' a 'int'; posible pérdida de datos
finalBoss.c(221): warning C4244: '+=': conversión de 'float' a 'int'; posible pérdida de datos
finalBoss.c(224): warning C4244: '+=': conversión de 'float' a 'int'; posible pérdida de datos
finalBoss.c(225): warning C4244: '+=': conversión de 'float' a 'int'; posible pérdida de datos
finalBoss.c(243): warning C4305: '-=': truncamiento de 'double' a 'float'
finalBoss.c(244): warning C4305: '-=': truncamiento de 'double' a 'float'
finalBoss.c(245): warning C4305: '-=': truncamiento de 'double' a 'float'
  gameOver.c
gameOver.c(7): warning C4013: 'TakeRenderer' sin definir; se supone que extern devuelve como resultado int
gameOver.c(7): warning C4047: 'función': 'SDL_Renderer *' es distinto en los niveles de direccionamiento indirecto de 'int'
gameOver.c(7): warning C4024: 'SDL_RenderCopy': tipos distintos para el parámetro formal y el parámetro real 1
gameOver.c(10): warning C4047: 'función': 'SDL_Renderer *' es distinto en los niveles de direccionamiento indirecto de 'int'
gameOver.c(10): warning C4024: 'SDL_RenderCopy': tipos distintos para el parámetro formal y el parámetro real 1
gameOver.c(13): warning C4047: 'función': 'SDL_Renderer *' es distinto en los niveles de direccionamiento indirecto de 'int'
gameOver.c(13): warning C4024: 'SDL_RenderCopy': tipos distintos para el parámetro formal y el parámetro real 1
gameOver.c(16): warning C4047: 'función': 'SDL_Renderer *' es distinto en los niveles de direccionamiento indirecto de 'int'
gameOver.c(16): warning C4024: 'SDL_RenderCopy': tipos distintos para el parámetro formal y el parámetro real 1
  levelManager.c
levelManager.c(25): warning C4013: 'TakeRenderer' sin definir; se supone que extern devuelve como resultado int
levelManager.c(25): warning C4047: 'función': 'SDL_Renderer *' es distinto en los niveles de direccionamiento indirecto de 'int'
levelManager.c(25): warning C4024: 'SDL_RenderCopy': tipos distintos para el parámetro formal y el parámetro real 1
levelManager.c(28): warning C4047: 'función': 'SDL_Renderer *' es distinto en los niveles de direccionamiento indirecto de 'int'
levelManager.c(28): warning C4024: 'SDL_RenderCopy': tipos distintos para el parámetro formal y el parámetro real 1
levelManager.c(31): warning C4047: 'función': 'SDL_Renderer *' es distinto en los niveles de direccionamiento indirecto de 'int'
levelManager.c(31): warning C4024: 'SDL_RenderCopy': tipos distintos para el parámetro formal y el parámetro real 1
levelManager.c(34): warning C4047: 'función': 'SDL_Renderer *' es distinto en los niveles de direccionamiento indirecto de 'int'
levelManager.c(34): warning C4024: 'SDL_RenderCopy': tipos distintos para el parámetro formal y el parámetro real 1
levelManager.c(41): warning C4047: 'función': 'SDL_Renderer *' es distinto en los niveles de direccionamiento indirecto de 'int'
levelManager.c(41): warning C4024: 'SDL_RenderCopy': tipos distintos para el parámetro formal y el parámetro real 1
levelManager.c(49): warning C4244: '=': conversión de 'float' a 'int'; posible pérdida de datos
levelManager.c(53): warning C4244: '=': conversión de 'float' a 'int'; posible pérdida de datos
levelManager.c(57): warning C4244: '=': conversión de 'float' a 'int'; posible pérdida de datos
levelManager.c(67): warning C4047: 'función': 'SDL_Renderer *' es distinto en los niveles de direccionamiento indirecto de 'int'
levelManager.c(67): warning C4024: 'SDL_RenderCopy': tipos distintos para el parámetro formal y el parámetro real 1
levelManager.c(68): warning C4244: '=': conversión de 'int' a 'float'; posible pérdida de datos
levelManager.c(69): warning C4244: '=': conversión de 'int' a 'float'; posible pérdida de datos
levelManager.c(79): warning C4047: 'función': 'SDL_Renderer *' es distinto en los niveles de direccionamiento indirecto de 'int'
levelManager.c(79): warning C4024: 'SDL_RenderCopy': tipos distintos para el parámetro formal y el parámetro real 1
levelManager.c(80): warning C4244: '=': conversión de 'int' a 'float'; posible pérdida de datos
levelManager.c(81): warning C4244: '=': conversión de 'int' a 'float'; posible pérdida de datos
levelManager.c(91): warning C4047: 'función': 'SDL_Renderer *' es distinto en los niveles de direccionamiento indirecto de 'int'
levelManager.c(91): warning C4024: 'SDL_RenderCopy': tipos distintos para el parámetro formal y el parámetro real 1
levelManager.c(92): warning C4244: '=': conversión de 'int' a 'float'; posible pérdida de datos
levelManager.c(93): warning C4244: '=': conversión de 'int' a 'float'; posible pérdida de datos
levelManager.c(104): warning C4047: 'función': 'SDL_Renderer *' es distinto en los niveles de direccionamiento indirecto de 'int'
levelManager.c(104): warning C4024: 'SDL_RenderCopy': tipos distintos para el parámetro formal y el parámetro real 1
levelManager.c(105): warning C4244: '=': conversión de 'int' a 'float'; posible pérdida de datos
levelManager.c(106): warning C4244: '=': conversión de 'int' a 'float'; posible pérdida de datos
levelManager.c(131): warning C4047: 'función': 'SDL_Renderer *' es distinto en los niveles de direccionamiento indirecto de 'int'
levelManager.c(131): warning C4024: 'SDL_RenderCopy': tipos distintos para el parámetro formal y el parámetro real 1
levelManager.c(133): warning C4047: 'función': 'SDL_Renderer *' es distinto en los niveles de direccionamiento indirecto de 'int'
levelManager.c(133): warning C4024: 'SDL_RenderCopy': tipos distintos para el parámetro formal y el parámetro real 1
levelManager.c(137): warning C4047: 'función': 'SDL_Renderer *' es distinto en los niveles de direccionamiento indirecto de 'int'
levelManager.c(137): warning C4024: 'SDL_RenderCopy': tipos distintos para el parámetro formal y el parámetro real 1
levelManager.c(138): warning C4244: '=': conversión de 'int' a 'float'; posible pérdida de datos
levelManager.c(139): warning C4244: '=': conversión de 'int' a 'float'; posible pérdida de datos
levelManager.c(154): warning C4047: 'función': 'SDL_Renderer *' es distinto en los niveles de direccionamiento indirecto de 'int'
levelManager.c(154): warning C4024: 'SDL_RenderCopy': tipos distintos para el parámetro formal y el parámetro real 1
levelManager.c(155): warning C4244: '=': conversión de 'int' a 'float'; posible pérdida de datos
levelManager.c(156): warning C4244: '=': conversión de 'int' a 'float'; posible pérdida de datos
levelManager.c(181): warning C4047: 'función': 'SDL_Renderer *' es distinto en los niveles de direccionamiento indirecto de 'int'
levelManager.c(181): warning C4024: 'SDL_RenderCopy': tipos distintos para el parámetro formal y el parámetro real 1
levelManager.c(183): warning C4047: 'función': 'SDL_Renderer *' es distinto en los niveles de direccionamiento indirecto de 'int'
levelManager.c(183): warning C4024: 'SDL_RenderCopy': tipos distintos para el parámetro formal y el parámetro real 1
levelManager.c(188): warning C4047: 'función': 'SDL_Renderer *' es distinto en los niveles de direccionamiento indirecto de 'int'
levelManager.c(188): warning C4024: 'SDL_RenderCopy': tipos distintos para el parámetro formal y el parámetro real 1
levelManager.c(189): warning C4244: '=': conversión de 'int' a 'float'; posible pérdida de datos
levelManager.c(190): warning C4244: '=': conversión de 'int' a 'float'; posible pérdida de datos
levelManager.c(201): warning C4047: 'función': 'SDL_Renderer *' es distinto en los niveles de direccionamiento indirecto de 'int'
levelManager.c(201): warning C4024: 'SDL_RenderCopy': tipos distintos para el parámetro formal y el parámetro real 1
levelManager.c(202): warning C4244: '=': conversión de 'int' a 'float'; posible pérdida de datos
levelManager.c(203): warning C4244: '=': conversión de 'int' a 'float'; posible pérdida de datos
levelManager.c(232): warning C4047: 'función': 'SDL_Renderer *' es distinto en los niveles de direccionamiento indirecto de 'int'
levelManager.c(232): warning C4024: 'SDL_RenderCopy': tipos distintos para el parámetro formal y el parámetro real 1
levelManager.c(234): warning C4047: 'función': 'SDL_Renderer *' es distinto en los niveles de direccionamiento indirecto de 'int'
levelManager.c(234): warning C4024: 'SDL_RenderCopy': tipos distintos para el parámetro formal y el parámetro real 1
levelManager.c(238): warning C4047: 'función': 'SDL_Renderer *' es distinto en los niveles de direccionamiento indirecto de 'int'
levelManager.c(238): warning C4024: 'SDL_RenderCopy': tipos distintos para el parámetro formal y el parámetro real 1
levelManager.c(239): warning C4244: '=': conversión de 'int' a 'float'; posible pérdida de datos
levelManager.c(240): warning C4244: '=': conversión de 'int' a 'float'; posible pérdida de datos
levelManager.c(254): warning C4047: 'función': 'SDL_Renderer *' es distinto en los niveles de direccionamiento indirecto de 'int'
levelManager.c(254): warning C4024: 'SDL_RenderCopy': tipos distintos para el parámetro formal y el parámetro real 1
levelManager.c(255): warning C4244: '=': conversión de 'int' a 'float'; posible pérdida de datos
levelManager.c(256): warning C4244: '=': conversión de 'int' a 'float'; posible pérdida de datos
levelManager.c(281): warning C4047: 'función': 'SDL_Renderer *' es distinto en los niveles de direccionamiento indirecto de 'int'
levelManager.c(281): warning C4024: 'SDL_RenderCopy': tipos distintos para el parámetro formal y el parámetro real 1
levelManager.c(283): warning C4047: 'función': 'SDL_Renderer *' es distinto en los niveles de direccionamiento indirecto de 'int'
levelManager.c(283): warning C4024: 'SDL_RenderCopy': tipos distintos para el parámetro formal y el parámetro real 1
levelManager.c(287): warning C4047: 'función': 'SDL_Renderer *' es distinto en los niveles de direccionamiento indirecto de 'int'
levelManager.c(287): warning C4024: 'SDL_RenderCopy': tipos distintos para el parámetro formal y el parámetro real 1
levelManager.c(288): warning C4244: '=': conversión de 'int' a 'float'; posible pérdida de datos
levelManager.c(289): warning C4244: '=': conversión de 'int' a 'float'; posible pérdida de datos
levelManager.c(303): warning C4047: 'función': 'SDL_Renderer *' es distinto en los niveles de direccionamiento indirecto de 'int'
levelManager.c(303): warning C4024: 'SDL_RenderCopy': tipos distintos para el parámetro formal y el parámetro real 1
levelManager.c(304): warning C4244: '=': conversión de 'int' a 'float'; posible pérdida de datos
levelManager.c(305): warning C4244: '=': conversión de 'int' a 'float'; posible pérdida de datos
levelManager.c(330): warning C4047: 'función': 'SDL_Renderer *' es distinto en los niveles de direccionamiento indirecto de 'int'
levelManager.c(330): warning C4024: 'SDL_RenderCopy': tipos distintos para el parámetro formal y el parámetro real 1
levelManager.c(332): warning C4047: 'función': 'SDL_Renderer *' es distinto en los niveles de direccionamiento indirecto de 'int'
levelManager.c(332): warning C4024: 'SDL_RenderCopy': tipos distintos para el parámetro formal y el parámetro real 1
levelManager.c(336): warning C4047: 'función': 'SDL_Renderer *' es distinto en los niveles de direccionamiento indirecto de 'int'
levelManager.c(336): warning C4024: 'SDL_RenderCopy': tipos distintos para el parámetro formal y el parámetro real 1
levelManager.c(337): warning C4244: '=': conversión de 'int' a 'float'; posible pérdida de datos
levelManager.c(338): warning C4244: '=': conversión de 'int' a 'float'; posible pérdida de datos
levelManager.c(348): warning C4047: 'función': 'SDL_Renderer *' es distinto en los niveles de direccionamiento indirecto de 'int'
levelManager.c(348): warning C4024: 'SDL_RenderCopy': tipos distintos para el parámetro formal y el parámetro real 1
levelManager.c(349): warning C4244: '=': conversión de 'int' a 'float'; posible pérdida de datos
levelManager.c(350): warning C4244: '=': conversión de 'int' a 'float'; posible pérdida de datos
levelManager.c(371): warning C4087: 'lavaAtakeakSortu': se ha declarado con la lista de parámetros 'void'
levelManager.c(376): warning C4244: '=': conversión de 'float' a 'int'; posible pérdida de datos
levelManager.c(392): warning C4047: 'función': 'SDL_Renderer *' es distinto en los niveles de direccionamiento indirecto de 'int'
levelManager.c(392): warning C4024: 'SDL_RenderCopy': tipos distintos para el parámetro formal y el parámetro real 1
levelManager.c(394): warning C4047: 'función': 'SDL_Renderer *' es distinto en los niveles de direccionamiento indirecto de 'int'
levelManager.c(394): warning C4024: 'SDL_RenderCopy': tipos distintos para el parámetro formal y el parámetro real 1
levelManager.c(398): warning C4047: 'función': 'SDL_Renderer *' es distinto en los niveles de direccionamiento indirecto de 'int'
levelManager.c(398): warning C4024: 'SDL_RenderCopy': tipos distintos para el parámetro formal y el parámetro real 1
levelManager.c(399): warning C4244: '=': conversión de 'int' a 'float'; posible pérdida de datos
levelManager.c(400): warning C4244: '=': conversión de 'int' a 'float'; posible pérdida de datos
levelManager.c(423): warning C4244: '=': conversión de 'float' a 'int'; posible pérdida de datos
levelManager.c(438): warning C4047: 'función': 'SDL_Renderer *' es distinto en los niveles de direccionamiento indirecto de 'int'
levelManager.c(438): warning C4024: 'SDL_RenderCopy': tipos distintos para el parámetro formal y el parámetro real 1
levelManager.c(440): warning C4047: 'función': 'SDL_Renderer *' es distinto en los niveles de direccionamiento indirecto de 'int'
levelManager.c(440): warning C4024: 'SDL_RenderCopy': tipos distintos para el parámetro formal y el parámetro real 1
levelManager.c(444): warning C4047: 'función': 'SDL_Renderer *' es distinto en los niveles de direccionamiento indirecto de 'int'
levelManager.c(444): warning C4024: 'SDL_RenderCopy': tipos distintos para el parámetro formal y el parámetro real 1
levelManager.c(445): warning C4244: '=': conversión de 'int' a 'float'; posible pérdida de datos
levelManager.c(446): warning C4244: '=': conversión de 'int' a 'float'; posible pérdida de datos
levelManager.c(469): warning C4047: 'función': 'SDL_Renderer *' es distinto en los niveles de direccionamiento indirecto de 'int'
levelManager.c(469): warning C4024: 'SDL_RenderCopy': tipos distintos para el parámetro formal y el parámetro real 1
levelManager.c(471): warning C4047: 'función': 'SDL_Renderer *' es distinto en los niveles de direccionamiento indirecto de 'int'
levelManager.c(471): warning C4024: 'SDL_RenderCopy': tipos distintos para el parámetro formal y el parámetro real 1
levelManager.c(475): warning C4047: 'función': 'SDL_Renderer *' es distinto en los niveles de direccionamiento indirecto de 'int'
levelManager.c(475): warning C4024: 'SDL_RenderCopy': tipos distintos para el parámetro formal y el parámetro real 1
levelManager.c(476): warning C4244: '=': conversión de 'int' a 'float'; posible pérdida de datos
levelManager.c(477): warning C4244: '=': conversión de 'int' a 'float'; posible pérdida de datos
levelManager.c(487): warning C4047: 'función': 'SDL_Renderer *' es distinto en los niveles de direccionamiento indirecto de 'int'
levelManager.c(487): warning C4024: 'SDL_RenderCopy': tipos distintos para el parámetro formal y el parámetro real 1
levelManager.c(488): warning C4244: '=': conversión de 'int' a 'float'; posible pérdida de datos
levelManager.c(489): warning C4244: '=': conversión de 'int' a 'float'; posible pérdida de datos
levelManager.c(513): warning C4244: '=': conversión de 'float' a 'int'; posible pérdida de datos
levelManager.c(529): warning C4047: 'función': 'SDL_Renderer *' es distinto en los niveles de direccionamiento indirecto de 'int'
levelManager.c(529): warning C4024: 'SDL_RenderCopy': tipos distintos para el parámetro formal y el parámetro real 1
levelManager.c(531): warning C4047: 'función': 'SDL_Renderer *' es distinto en los niveles de direccionamiento indirecto de 'int'
levelManager.c(531): warning C4024: 'SDL_RenderCopy': tipos distintos para el parámetro formal y el parámetro real 1
levelManager.c(535): warning C4047: 'función': 'SDL_Renderer *' es distinto en los niveles de direccionamiento indirecto de 'int'
levelManager.c(535): warning C4024: 'SDL_RenderCopy': tipos distintos para el parámetro formal y el parámetro real 1
levelManager.c(536): warning C4244: '=': conversión de 'int' a 'float'; posible pérdida de datos
levelManager.c(537): warning C4244: '=': conversión de 'int' a 'float'; posible pérdida de datos
levelManager.c(557): warning C4047: 'función': 'SDL_Renderer *' es distinto en los niveles de direccionamiento indirecto de 'int'
levelManager.c(557): warning C4024: 'esqAtakeakSortu': tipos distintos para el parámetro formal y el parámetro real 1
levelManager.c(562): warning C4244: '=': conversión de 'float' a 'int'; posible pérdida de datos
levelManager.c(578): warning C4047: 'función': 'SDL_Renderer *' es distinto en los niveles de direccionamiento indirecto de 'int'
levelManager.c(578): warning C4024: 'SDL_RenderCopy': tipos distintos para el parámetro formal y el parámetro real 1
levelManager.c(580): warning C4047: 'función': 'SDL_Renderer *' es distinto en los niveles de direccionamiento indirecto de 'int'
levelManager.c(580): warning C4024: 'SDL_RenderCopy': tipos distintos para el parámetro formal y el parámetro real 1
levelManager.c(584): warning C4047: 'función': 'SDL_Renderer *' es distinto en los niveles de direccionamiento indirecto de 'int'
levelManager.c(584): warning C4024: 'SDL_RenderCopy': tipos distintos para el parámetro formal y el parámetro real 1
levelManager.c(585): warning C4244: '=': conversión de 'int' a 'float'; posible pérdida de datos
levelManager.c(586): warning C4244: '=': conversión de 'int' a 'float'; posible pérdida de datos
levelManager.c(598): warning C4098: 'levelManager': función 'void' que devuelve un valor
  life.c
life.c(31): warning C4013: 'TakeRenderer' sin definir; se supone que extern devuelve como resultado int
life.c(31): warning C4047: 'función': 'SDL_Renderer *' es distinto en los niveles de direccionamiento indirecto de 'int'
life.c(31): warning C4024: 'SDL_RenderCopy': tipos distintos para el parámetro formal y el parámetro real 1
life.c(34): warning C4047: 'función': 'SDL_Renderer *' es distinto en los niveles de direccionamiento indirecto de 'int'
life.c(34): warning C4024: 'SDL_RenderCopy': tipos distintos para el parámetro formal y el parámetro real 1
life.c(37): warning C4047: 'función': 'SDL_Renderer *' es distinto en los niveles de direccionamiento indirecto de 'int'
life.c(37): warning C4024: 'SDL_RenderCopy': tipos distintos para el parámetro formal y el parámetro real 1
life.c(40): warning C4047: 'función': 'SDL_Renderer *' es distinto en los niveles de direccionamiento indirecto de 'int'
life.c(40): warning C4024: 'SDL_RenderCopy': tipos distintos para el parámetro formal y el parámetro real 1
life.c(43): warning C4047: 'función': 'SDL_Renderer *' es distinto en los niveles de direccionamiento indirecto de 'int'
life.c(43): warning C4024: 'SDL_RenderCopy': tipos distintos para el parámetro formal y el parámetro real 1
life.c(46): warning C4047: 'función': 'SDL_Renderer *' es distinto en los niveles de direccionamiento indirecto de 'int'
life.c(46): warning C4024: 'SDL_RenderCopy': tipos distintos para el parámetro formal y el parámetro real 1
  menu.c
menu.c(26): warning C4013: 'TakeRenderer' sin definir; se supone que extern devuelve como resultado int
menu.c(26): warning C4047: 'función': 'SDL_Renderer *' es distinto en los niveles de direccionamiento indirecto de 'int'
menu.c(26): warning C4024: 'SDL_RenderClear': tipos distintos para el parámetro formal y el parámetro real 1
menu.c(34): warning C4047: 'función': 'SDL_Renderer *' es distinto en los niveles de direccionamiento indirecto de 'int'
menu.c(34): warning C4024: 'SDL_RenderCopy': tipos distintos para el parámetro formal y el parámetro real 1
menu.c(37): warning C4047: 'función': 'SDL_Renderer *' es distinto en los niveles de direccionamiento indirecto de 'int'
menu.c(37): warning C4024: 'SDL_RenderCopy': tipos distintos para el parámetro formal y el parámetro real 1
menu.c(40): warning C4047: 'función': 'SDL_Renderer *' es distinto en los niveles de direccionamiento indirecto de 'int'
menu.c(40): warning C4024: 'SDL_RenderCopy': tipos distintos para el parámetro formal y el parámetro real 1
menu.c(43): warning C4047: 'función': 'SDL_Renderer *' es distinto en los niveles de direccionamiento indirecto de 'int'
menu.c(43): warning C4024: 'SDL_RenderCopy': tipos distintos para el parámetro formal y el parámetro real 1
menu.c(53): warning C4047: 'función': 'SDL_Renderer *' es distinto en los niveles de direccionamiento indirecto de 'int'
menu.c(53): warning C4024: 'SDL_RenderCopy': tipos distintos para el parámetro formal y el parámetro real 1
menu.c(56): warning C4047: 'función': 'SDL_Renderer *' es distinto en los niveles de direccionamiento indirecto de 'int'
menu.c(56): warning C4024: 'SDL_RenderCopy': tipos distintos para el parámetro formal y el parámetro real 1
menu.c(59): warning C4047: 'función': 'SDL_Renderer *' es distinto en los niveles de direccionamiento indirecto de 'int'
menu.c(59): warning C4024: 'SDL_RenderCopy': tipos distintos para el parámetro formal y el parámetro real 1
menu.c(62): warning C4047: 'función': 'SDL_Renderer *' es distinto en los niveles de direccionamiento indirecto de 'int'
menu.c(62): warning C4024: 'SDL_RenderCopy': tipos distintos para el parámetro formal y el parámetro real 1
menu.c(70): warning C4047: 'función': 'SDL_Renderer *' es distinto en los niveles de direccionamiento indirecto de 'int'
menu.c(70): warning C4024: 'SDL_RenderCopy': tipos distintos para el parámetro formal y el parámetro real 1
menu.c(71): warning C4047: 'función': 'SDL_Renderer *' es distinto en los niveles de direccionamiento indirecto de 'int'
menu.c(71): warning C4024: 'SDL_RenderCopy': tipos distintos para el parámetro formal y el parámetro real 1
menu.c(120): warning C4244: '=': conversión de 'int' a 'float'; posible pérdida de datos
menu.c(123): warning C4244: '=': conversión de 'int' a 'float'; posible pérdida de datos
  movement.c
  Compilando...
  playerShooting.c
playerShooting.c(23): warning C4244: '=': conversión de 'int' a 'float'; posible pérdida de datos
playerShooting.c(24): warning C4244: '=': conversión de 'int' a 'float'; posible pérdida de datos
playerShooting.c(25): warning C4244: '=': conversión de 'double' a 'float'; posible pérdida de datos
playerShooting.c(28): warning C4244: '=': conversión de 'int' a 'float'; posible pérdida de datos
playerShooting.c(29): warning C4244: '=': conversión de 'int' a 'float'; posible pérdida de datos
  restart.c
  score.c
score.c(32): warning C4013: 'TakeRenderer' sin definir; se supone que extern devuelve como resultado int
score.c(32): warning C4047: 'función': 'SDL_Renderer *' es distinto en los niveles de direccionamiento indirecto de 'int'
score.c(32): warning C4024: 'SDL_CreateTextureFromSurface': tipos distintos para el parámetro formal y el parámetro real 1
score.c(80): warning C4047: 'función': 'SDL_Renderer *' es distinto en los niveles de direccionamiento indirecto de 'int'
score.c(80): warning C4024: 'SDL_CreateTextureFromSurface': tipos distintos para el parámetro formal y el parámetro real 1
score.c(82): warning C4047: 'función': 'SDL_Renderer *' es distinto en los niveles de direccionamiento indirecto de 'int'
score.c(82): warning C4024: 'SDL_CreateTextureFromSurface': tipos distintos para el parámetro formal y el parámetro real 1
score.c(84): warning C4047: 'función': 'SDL_Renderer *' es distinto en los niveles de direccionamiento indirecto de 'int'
score.c(84): warning C4024: 'SDL_CreateTextureFromSurface': tipos distintos para el parámetro formal y el parámetro real 1
  soinua.c
  weapon.c
weapon.c(24): warning C4013: 'TakeRenderer' sin definir; se supone que extern devuelve como resultado int
weapon.c(24): warning C4047: 'función': 'SDL_Renderer *' es distinto en los niveles de direccionamiento indirecto de 'int'
weapon.c(24): warning C4024: 'SDL_RenderCopy': tipos distintos para el parámetro formal y el parámetro real 1
weapon.c(28): warning C4047: 'función': 'SDL_Renderer *' es distinto en los niveles de direccionamiento indirecto de 'int'
weapon.c(28): warning C4024: 'SDL_RenderCopy': tipos distintos para el parámetro formal y el parámetro real 1
  Generando código
  4 of 77 functions ( 5.2%) were compiled, the rest were copied from previous compilation.
    0 functions were new in current compilation
    0 functions had inline decision re-evaluated but remain unchanged
  Generación de código finalizada
  EnterTheMUngeons.vcxproj -> C:\Users\Usuario\Desktop\Prog1\Prog1\PBL\Main\EnterTheMUngeons\Release\EnterTheMUngeons.exe
